[debug] [2022-09-17T09:36:19.018Z] ----------------------------------------------------------------------
[debug] [2022-09-17T09:36:19.020Z] Command:       C:\Program Files\nodejs\node.exe C:\Users\pande\AppData\Roaming\npm\node_modules\firebase-tools\lib\bin\firebase.js init
[debug] [2022-09-17T09:36:19.020Z] CLI Version:   11.9.0
[debug] [2022-09-17T09:36:19.020Z] Platform:      win32
[debug] [2022-09-17T09:36:19.021Z] Node Version:  v16.13.2
[debug] [2022-09-17T09:36:19.032Z] Time:          Sat Sep 17 2022 15:06:19 GMT+0530 (India Standard Time)
[debug] [2022-09-17T09:36:19.032Z] ----------------------------------------------------------------------
[debug] 
[debug] [2022-09-17T09:36:19.041Z] > command requires scopes: ["email","openid","https://www.googleapis.com/auth/cloudplatformprojects.readonly","https://www.googleapis.com/auth/firebase","https://www.googleapis.com/auth/cloud-platform"]
[debug] [2022-09-17T09:36:19.041Z] > authorizing via signed-in user (pandeyarpitshivam@gmail.com)
[info] 
     ######## #### ########  ######## ########     ###     ######  ########
     ##        ##  ##     ## ##       ##     ##  ##   ##  ##       ##
     ######    ##  ########  ######   ########  #########  ######  ######
     ##        ##  ##    ##  ##       ##     ## ##     ##       ## ##
     ##       #### ##     ## ######## ########  ##     ##  ######  ########

You're about to initialize a Firebase project in this directory:

  D:\Machine learning\BASIC-Banking-System-for-Sparks-Foundation-Internship-main\BASIC-Banking-System-for-Sparks-Foundation-Internship-main\basic-banking-spark-foundation\public

[info] 
=== Project Setup
[info] 
[info] First, let's associate this project directory with a Firebase project.
[info] You can create multiple project aliases by running firebase use --add, 
[info] but for now we'll just set up a default project.
[info] 
[debug] [2022-09-17T09:36:42.705Z] > refreshing access token with scopes: []
[debug] [2022-09-17T09:36:42.708Z] >>> [apiv2][query] POST https://www.googleapis.com/oauth2/v3/token [none]
[debug] [2022-09-17T09:36:42.708Z] >>> [apiv2][body] POST https://www.googleapis.com/oauth2/v3/token [omitted]
[debug] [2022-09-17T09:36:43.024Z] <<< [apiv2][status] POST https://www.googleapis.com/oauth2/v3/token 200
[debug] [2022-09-17T09:36:43.025Z] <<< [apiv2][body] POST https://www.googleapis.com/oauth2/v3/token [omitted]
[debug] [2022-09-17T09:36:43.040Z] >>> [apiv2][query] GET https://firebase.googleapis.com/v1beta1/projects pageSize=100
[debug] [2022-09-17T09:36:43.732Z] <<< [apiv2][status] GET https://firebase.googleapis.com/v1beta1/projects 200
[debug] [2022-09-17T09:36:43.732Z] <<< [apiv2][body] GET https://firebase.googleapis.com/v1beta1/projects [omitted]
[info] i  Using project bankingsystem-73559 (Bankingsystem) 
[info] 
=== Hosting Setup
[info] 
[info] Your public directory is the folder (relative to your project directory) that
[info] will contain Hosting assets to be uploaded with firebase deploy. If you
[info] have a build process for your assets, use your build's output directory.
[info] 
